<?xml version="1.0" encoding="UTF-8"?>
<!-- Generated by org.testng.reporters.JUnitReportReporter -->
<testsuite hostname="LAPTOP-C8T636DE" failures="0" tests="1" name="ca.amazon.testcases.ExtentDemo" time="7.190" errors="0" timestamp="2023-06-08T16:50:22 EDT" skipped="0">
  <testcase classname="ca.amazon.testcases.ExtentDemo" name="extentReportsDemo" time="7.190"/>
  <system-out/>
</testsuite> <!-- ca.amazon.testcases.ExtentDemo -->
