<?xml version="1.0" encoding="UTF-8"?>
<!-- Generated by org.testng.reporters.JUnitReportReporter -->
<testsuite hostname="LAPTOP-C8T636DE" failures="0" tests="1" name="ca.amazon.testcases.ReviewTest" time="8.612" errors="0" timestamp="2023-06-02T21:19:32 EDT" skipped="0">
  <testcase classname="ca.amazon.testcases.ReviewTest" name="invokeBrowser" time="8.612"/>
  <system-out/>
</testsuite> <!-- ca.amazon.testcases.ReviewTest -->
