<?xml version="1.0" encoding="UTF-8"?>
<!-- Generated by org.testng.reporters.JUnitReportReporter -->
<testsuite hostname="LAPTOP-C8T636DE" failures="0" tests="7" name="ca.amazon.testcases.ReviewTest" time="76.786" errors="0" timestamp="2023-06-08T18:39:46 EDT" skipped="0">
  <testcase classname="ca.amazon.testcases.ReviewTest" name="ReviewLogin" time="10.565"/>
  <system-out/>
  <testcase classname="ca.amazon.testcases.ReviewTest" name="ReviewSearchProduct" time="7.756"/>
  <system-out/>
  <testcase classname="ca.amazon.testcases.ReviewTest" name="ReviewSubmit" time="2.179"/>
  <system-out/>
  <testcase classname="ca.amazon.testcases.ReviewTest" name="ReviewScrollDown" time="5.987"/>
  <system-out/>
  <testcase classname="ca.amazon.testcases.ReviewTest" name="ReviewCheckReview" time="27.872"/>
  <system-out/>
  <testcase classname="ca.amazon.testcases.ReviewTest" name="ReviewPage" time="9.886"/>
  <system-out/>
  <testcase classname="ca.amazon.testcases.ReviewTest" name="Close_Browser" time="12.541"/>
  <system-out/>
</testsuite> <!-- ca.amazon.testcases.ReviewTest -->
