<?xml version="1.0" encoding="UTF-8"?>
<!-- Generated by org.testng.reporters.JUnitReportReporter -->
<testsuite hostname="LAPTOP-C8T636DE" failures="0" tests="5" name="ca.amazon.testcases.CustomerService" time="61.236" errors="0" timestamp="2023-06-08T18:51:04 EDT" skipped="0">
  <testcase classname="ca.amazon.testcases.CustomerService" name="CustomerServiceLogin" time="13.013"/>
  <system-out/>
  <testcase classname="ca.amazon.testcases.CustomerService" name="CustomerServiceUserAccount" time="5.652"/>
  <system-out/>
  <testcase classname="ca.amazon.testcases.CustomerService" name="CustomerServiceorderProfile" time="5.679"/>
  <system-out/>
  <testcase classname="ca.amazon.testcases.CustomerService" name="CustomerServiceSelectOrder" time="23.370"/>
  <system-out/>
  <testcase classname="ca.amazon.testcases.CustomerService" name="CloseBrowser" time="13.522"/>
  <system-out/>
</testsuite> <!-- ca.amazon.testcases.CustomerService -->
