<?xml version="1.0" encoding="UTF-8"?>
<!-- Generated by org.testng.reporters.JUnitReportReporter -->
<testsuite hostname="LAPTOP-C8T636DE" failures="0" tests="7" name="ca.amazon.testcases.Recommendation" time="63.147" errors="0" timestamp="2023-06-08T18:45:55 EDT" skipped="0">
  <testcase classname="ca.amazon.testcases.Recommendation" name="RecommendationLogin" time="14.557"/>
  <system-out/>
  <testcase classname="ca.amazon.testcases.Recommendation" name="RecommendationProduct" time="14.801"/>
  <system-out/>
  <testcase classname="ca.amazon.testcases.Recommendation" name="RecommendationScrollDown" time="3.163"/>
  <system-out/>
  <testcase classname="ca.amazon.testcases.Recommendation" name="RecommendedSelectProduct" time="3.389"/>
  <system-out/>
  <testcase classname="ca.amazon.testcases.Recommendation" name="RecommendedSelectQtn" time="6.584"/>
  <system-out/>
  <testcase classname="ca.amazon.testcases.Recommendation" name="RecommendedSelectionCart" time="9.928"/>
  <system-out/>
  <testcase classname="ca.amazon.testcases.Recommendation" name="Close_Browser" time="10.725"/>
  <system-out/>
</testsuite> <!-- ca.amazon.testcases.Recommendation -->
