<?xml version="1.0" encoding="UTF-8"?>
<!-- Generated by org.testng.reporters.JUnitReportReporter -->
<testsuite hostname="LAPTOP-C8T636DE" failures="0" tests="1" name="ca.amazon.login.Login" time="16.333" errors="0" timestamp="2023-06-08T10:14:32 EDT" skipped="0">
  <testcase classname="ca.amazon.login.Login" name="login" time="16.333"/>
  <system-out/>
</testsuite> <!-- ca.amazon.login.Login -->
